<?xml version="1.0" encoding="UTF-8"?>
<testng-results ignored="0" total="1" passed="1" failed="0" skipped="0">
  <reporter-output>
  </reporter-output>
  <suite started-at="2024-02-18T18:45:14 IST" name="Default suite" finished-at="2024-02-18T18:45:51 IST" duration-ms="36460">
    <groups>
    </groups>
    <test started-at="2024-02-18T18:45:14 IST" name="Default test" finished-at="2024-02-18T18:45:51 IST" duration-ms="36460">
      <class name="Test_component.TC04_HomePage">
        <test-method is-config="true" signature="startReport()[pri:0, instance:Test_component.TC04_HomePage@38d8f54a]" started-at="2024-02-18T18:45:14 IST" name="startReport" finished-at="2024-02-18T18:45:14 IST" duration-ms="274" status="PASS">
          <reporter-output>
          </reporter-output>
        </test-method> <!-- startReport -->
        <test-method is-config="true" signature="start()[pri:0, instance:Test_component.TC04_HomePage@38d8f54a]" started-at="2024-02-18T18:45:14 IST" name="start" finished-at="2024-02-18T18:45:14 IST" duration-ms="0" status="PASS">
          <reporter-output>
          </reporter-output>
        </test-method> <!-- start -->
        <test-method signature="TsetCases_Homepage()[pri:5, instance:Test_component.TC04_HomePage@38d8f54a]" started-at="2024-02-18T18:45:14 IST" name="TsetCases_Homepage" finished-at="2024-02-18T18:45:50 IST" duration-ms="35577" status="PASS">
          <reporter-output>
          </reporter-output>
        </test-method> <!-- TsetCases_Homepage -->
        <test-method is-config="true" signature="close()[pri:0, instance:Test_component.TC04_HomePage@38d8f54a]" started-at="2024-02-18T18:45:50 IST" name="close" finished-at="2024-02-18T18:45:51 IST" duration-ms="839" status="PASS">
          <reporter-output>
          </reporter-output>
        </test-method> <!-- close -->
        <test-method is-config="true" signature="endReport()[pri:0, instance:Test_component.TC04_HomePage@38d8f54a]" started-at="2024-02-18T18:45:51 IST" name="endReport" finished-at="2024-02-18T18:45:51 IST" duration-ms="5" status="PASS">
          <reporter-output>
          </reporter-output>
        </test-method> <!-- endReport -->
      </class> <!-- Test_component.TC04_HomePage -->
    </test> <!-- Default test -->
  </suite> <!-- Default suite -->
</testng-results>
